This is pdfTeX, Version 3.141592653-2.6-1.40.22 (TeX Live 2021) (preloaded format=pdflatex 2021.6.14)  28 MAR 2022 14:15
entering extended mode
 restricted \write18 enabled.
 %&-line parsing enabled.
**Lab1.tex
(./Lab1.tex
LaTeX2e <2020-10-01> patch level 4
L3 programming layer <2021-02-18>
(/usr/local/texlive/2021/texmf-dist/tex/latex/mcmthesis/mcmthesis.cls
Document Class: mcmthesis 2021/01/05 v6.3.1 The Thesis Template Designed For MC
M/ICM
The Thesis Template Designed For MCM/ICM
(/usr/local/texlive/2021/texmf-dist/tex/latex/xkeyval/xkeyval.sty
Package: xkeyval 2020/11/20 v2.8 package option processing (HA)

(/usr/local/texlive/2021/texmf-dist/tex/generic/xkeyval/xkeyval.tex
(/usr/local/texlive/2021/texmf-dist/tex/generic/xkeyval/xkvutils.tex
\XKV@toks=\toks15
\XKV@tempa@toks=\toks16

(/usr/local/texlive/2021/texmf-dist/tex/generic/xkeyval/keyval.tex))
\XKV@depth=\count179
File: xkeyval.tex 2014/12/03 v2.7a key=value parser (HA)
))
(/usr/local/texlive/2021/texmf-dist/tex/latex/etoolbox/etoolbox.sty
Package: etoolbox 2020/10/05 v2.5k e-TeX tools for LaTeX (JAW)
\etb@tempcnta=\count180
)
(/usr/local/texlive/2021/texmf-dist/tex/latex/base/article.cls
Document Class: article 2020/04/10 v1.4m Standard LaTeX document class
(/usr/local/texlive/2021/texmf-dist/tex/latex/base/size12.clo
File: size12.clo 2020/04/10 v1.4m Standard LaTeX file (size option)
)
\c@part=\count181
\c@section=\count182
\c@subsection=\count183
\c@subsubsection=\count184
\c@paragraph=\count185
\c@subparagraph=\count186
\c@figure=\count187
\c@table=\count188
\abovecaptionskip=\skip47
\belowcaptionskip=\skip48
\bibindent=\dimen138
)
(/usr/local/texlive/2021/texmf-dist/tex/latex/fancyhdr/fancyhdr.sty
Package: fancyhdr 2021/01/28 v4.0.1 Extensive control of page headers and foote
rs
\f@nch@headwidth=\skip49
\f@nch@O@elh=\skip50
\f@nch@O@erh=\skip51
\f@nch@O@olh=\skip52
\f@nch@O@orh=\skip53
\f@nch@O@elf=\skip54
\f@nch@O@erf=\skip55
\f@nch@O@olf=\skip56
\f@nch@O@orf=\skip57
)
(/usr/local/texlive/2021/texmf-dist/tex/latex/fancybox/fancybox.sty
Package: fancybox 2010/05/15 1.4

Style option: `fancybox' v1.4 <2010/05/15> (tvz)
\@fancybox=\box47
\shadowsize=\dimen139
\@Sbox=\box48
\do@VerbBox=\toks17
\the@fancyput=\toks18
\this@fancyput=\toks19
\EndVerbatimTokens=\toks20
\Verbatim@Outfile=\write3
\Verbatim@Infile=\read2
) (/usr/local/texlive/2021/texmf-dist/tex/latex/base/ifthen.sty
Package: ifthen 2014/09/29 v1.1c Standard LaTeX ifthen package (DPC)
)
(/usr/local/texlive/2021/texmf-dist/tex/latex/lastpage/lastpage.sty
Package: lastpage 2015/03/29 v1.2m Refers to last page's name (HMM; JPG)
)
(/usr/local/texlive/2021/texmf-dist/tex/latex/listings/listings.sty
\lst@mode=\count189
\lst@gtempboxa=\box49
\lst@token=\toks21
\lst@length=\count190
\lst@currlwidth=\dimen140
\lst@column=\count191
\lst@pos=\count192
\lst@lostspace=\dimen141
\lst@width=\dimen142
\lst@newlines=\count193
\lst@lineno=\count194
\lst@maxwidth=\dimen143

(/usr/local/texlive/2021/texmf-dist/tex/latex/listings/lstmisc.sty
File: lstmisc.sty 2020/03/24 1.8d (Carsten Heinz)
\c@lstnumber=\count195
\lst@skipnumbers=\count196
\lst@framebox=\box50
)
(/usr/local/texlive/2021/texmf-dist/tex/latex/listings/listings.cfg
File: listings.cfg 2020/03/24 1.8d listings configuration
))
Package: listings 2020/03/24 1.8d (Carsten Heinz)

(/usr/local/texlive/2021/texmf-dist/tex/latex/appendix/appendix.sty
Package: appendix 2020/02/08 v1.2c extra appendix facilities
\c@@pps=\count197
\c@@ppsavesec=\count198
\c@@ppsaveapp=\count199
)
(/usr/local/texlive/2021/texmf-dist/tex/latex/paralist/paralist.sty
Package: paralist 2017/01/22 v2.7 Extended list environments
\pltopsep=\skip58
\plpartopsep=\skip59
\plitemsep=\skip60
\plparsep=\skip61
\pl@lab=\toks22
)
(/usr/local/texlive/2021/texmf-dist/tex/latex/amscls/amsthm.sty
Package: amsthm 2020/05/29 v2.20.6
\thm@style=\toks23
\thm@bodyfont=\toks24
\thm@headfont=\toks25
\thm@notefont=\toks26
\thm@headpunct=\toks27
\thm@preskip=\skip62
\thm@postskip=\skip63
\thm@headsep=\skip64
\dth@everypar=\toks28
)
(/usr/local/texlive/2021/texmf-dist/tex/latex/amsfonts/amsfonts.sty
Package: amsfonts 2013/01/14 v3.01 Basic AMSFonts support
\@emptytoks=\toks29
\symAMSa=\mathgroup4
\symAMSb=\mathgroup5
LaTeX Font Info:    Redeclaring math symbol \hbar on input line 98.
LaTeX Font Info:    Overwriting math alphabet `\mathfrak' in version `bold'
(Font)                  U/euf/m/n --> U/euf/b/n on input line 106.
)
(/usr/local/texlive/2021/texmf-dist/tex/latex/amsmath/amsmath.sty
Package: amsmath 2020/09/23 v2.17i AMS math features
\@mathmargin=\skip65

For additional information on amsmath, use the `?' option.
(/usr/local/texlive/2021/texmf-dist/tex/latex/amsmath/amstext.sty
Package: amstext 2000/06/29 v2.01 AMS text

(/usr/local/texlive/2021/texmf-dist/tex/latex/amsmath/amsgen.sty
File: amsgen.sty 1999/11/30 v2.0 generic functions
\@emptytoks=\toks30
\ex@=\dimen144
))
(/usr/local/texlive/2021/texmf-dist/tex/latex/amsmath/amsbsy.sty
Package: amsbsy 1999/11/29 v1.2d Bold Symbols
\pmbraise@=\dimen145
)
(/usr/local/texlive/2021/texmf-dist/tex/latex/amsmath/amsopn.sty
Package: amsopn 2016/03/08 v2.02 operator names
)
\inf@bad=\count266
LaTeX Info: Redefining \frac on input line 234.
\uproot@=\count267
\leftroot@=\count268
LaTeX Info: Redefining \overline on input line 399.
\classnum@=\count269
\DOTSCASE@=\count270
LaTeX Info: Redefining \ldots on input line 496.
LaTeX Info: Redefining \dots on input line 499.
LaTeX Info: Redefining \cdots on input line 620.
\Mathstrutbox@=\box51
\strutbox@=\box52
\big@size=\dimen146
LaTeX Font Info:    Redeclaring font encoding OML on input line 743.
LaTeX Font Info:    Redeclaring font encoding OMS on input line 744.
\macc@depth=\count271
\c@MaxMatrixCols=\count272
\dotsspace@=\muskip16
\c@parentequation=\count273
\dspbrk@lvl=\count274
\tag@help=\toks31
\row@=\count275
\column@=\count276
\maxfields@=\count277
\andhelp@=\toks32
\eqnshift@=\dimen147
\alignsep@=\dimen148
\tagshift@=\dimen149
\tagwidth@=\dimen150
\totwidth@=\dimen151
\lineht@=\dimen152
\@envbody=\toks33
\multlinegap=\skip66
\multlinetaggap=\skip67
\mathdisplay@stack=\toks34
LaTeX Info: Redefining \[ on input line 2923.
LaTeX Info: Redefining \] on input line 2924.
)
(/usr/local/texlive/2021/texmf-dist/tex/latex/tools/bm.sty
Package: bm 2019/07/24 v1.2d Bold Symbol Support (DPC/FMi)
\symboldoperators=\mathgroup6
\symboldletters=\mathgroup7
\symboldsymbols=\mathgroup8
LaTeX Font Info:    Redeclaring math alphabet \mathbf on input line 141.
LaTeX Info: Redefining \bm on input line 209.
)
(/usr/local/texlive/2021/texmf-dist/tex/latex/amsfonts/amssymb.sty
Package: amssymb 2013/01/14 v3.01 AMS font symbols
)
(/usr/local/texlive/2021/texmf-dist/tex/latex/jknapltx/mathrsfs.sty
Package: mathrsfs 1996/01/01 Math RSFS package v1.0 (jk)
\symrsfs=\mathgroup9
)
(/usr/local/texlive/2021/texmf-dist/tex/latex/base/latexsym.sty
Package: latexsym 1998/08/17 v2.2e Standard LaTeX package (lasy symbols)
\symlasy=\mathgroup10
LaTeX Font Info:    Overwriting symbol font `lasy' in version `bold'
(Font)                  U/lasy/m/n --> U/lasy/b/n on input line 52.
)
(/usr/local/texlive/2021/texmf-dist/tex/latex/tools/longtable.sty
Package: longtable 2020/01/07 v4.13 Multi-page Table package (DPC)
\LTleft=\skip68
\LTright=\skip69
\LTpre=\skip70
\LTpost=\skip71
\LTchunksize=\count278
\LTcapwidth=\dimen153
\LT@head=\box53
\LT@firsthead=\box54
\LT@foot=\box55
\LT@lastfoot=\box56
\LT@cols=\count279
\LT@rows=\count280
\c@LT@tables=\count281
\c@LT@chunks=\count282
\LT@p@ftn=\toks35
)
(/usr/local/texlive/2021/texmf-dist/tex/latex/multirow/multirow.sty
Package: multirow 2021/03/15 v2.8 Span multiple rows of a table
\multirow@colwidth=\skip72
\multirow@cntb=\count283
\multirow@dima=\skip73
\bigstrutjot=\dimen154
)
(/usr/local/texlive/2021/texmf-dist/tex/latex/tools/hhline.sty
Package: hhline 2020/01/04 v2.04 Table rule package (DPC)
)
(/usr/local/texlive/2021/texmf-dist/tex/latex/tools/tabularx.sty
Package: tabularx 2020/01/15 v2.11c `tabularx' package (DPC)

(/usr/local/texlive/2021/texmf-dist/tex/latex/tools/array.sty
Package: array 2020/10/01 v2.5c Tabular extension package (FMi)
\col@sep=\dimen155
\ar@mcellbox=\box57
\extrarowheight=\dimen156
\NC@list=\toks36
\extratabsurround=\skip74
\backup@length=\skip75
\ar@cellbox=\box58
)
\TX@col@width=\dimen157
\TX@old@table=\dimen158
\TX@old@col=\dimen159
\TX@target=\dimen160
\TX@delta=\dimen161
\TX@cols=\count284
\TX@ftn=\toks37
)
(/usr/local/texlive/2021/texmf-dist/tex/latex/base/flafter.sty
Package: flafter 2018/11/28 v1.4d Standard LaTeX floats after reference (FMi)
Applying: [2015/01/01] float order in 2-column on input line 49.
Already applied: [0000/00/00] float order in 2-column on input line 151.
)
(/usr/local/texlive/2021/texmf-dist/tex/latex/psnfss/pifont.sty
Package: pifont 2020/03/25 PSNFSS-v9.3 Pi font support (SPQR) 
LaTeX Font Info:    Trying to load font information for U+pzd on input line 63.


(/usr/local/texlive/2021/texmf-dist/tex/latex/psnfss/upzd.fd
File: upzd.fd 2001/06/04 font definitions for U/pzd.
)
LaTeX Font Info:    Trying to load font information for U+psy on input line 64.


(/usr/local/texlive/2021/texmf-dist/tex/latex/psnfss/upsy.fd
File: upsy.fd 2001/06/04 font definitions for U/psy.
))
(/usr/local/texlive/2021/texmf-dist/tex/latex/tools/calc.sty
Package: calc 2017/05/25 v4.3 Infix arithmetic (KKT,FJ)
\calc@Acount=\count285
\calc@Bcount=\count286
\calc@Adimen=\dimen162
\calc@Bdimen=\dimen163
\calc@Askip=\skip76
\calc@Bskip=\skip77
LaTeX Info: Redefining \setlength on input line 80.
LaTeX Info: Redefining \addtolength on input line 81.
\calc@Ccount=\count287
\calc@Cskip=\skip78
)
(/usr/local/texlive/2021/texmf-dist/tex/latex/colortbl/colortbl.sty
Package: colortbl 2020/01/04 v1.0e Color table columns (DPC)

(/usr/local/texlive/2021/texmf-dist/tex/latex/graphics/color.sty
Package: color 2020/02/24 v1.2b Standard LaTeX Color (DPC)

(/usr/local/texlive/2021/texmf-dist/tex/latex/graphics-cfg/color.cfg
File: color.cfg 2016/01/02 v1.6 sample color configuration
)
Package color Info: Driver file: pdftex.def on input line 147.

(/usr/local/texlive/2021/texmf-dist/tex/latex/graphics-def/pdftex.def
File: pdftex.def 2020/10/05 v1.2a Graphics/color driver for pdftex
))
\everycr=\toks38
\minrowclearance=\skip79
)
(/usr/local/texlive/2021/texmf-dist/tex/latex/booktabs/booktabs.sty
Package: booktabs 2020/01/12 v1.61803398 Publication quality tables
\heavyrulewidth=\dimen164
\lightrulewidth=\dimen165
\cmidrulewidth=\dimen166
\belowrulesep=\dimen167
\belowbottomsep=\dimen168
\aboverulesep=\dimen169
\abovetopsep=\dimen170
\cmidrulesep=\dimen171
\cmidrulekern=\dimen172
\defaultaddspace=\dimen173
\@cmidla=\count288
\@cmidlb=\count289
\@aboverulesep=\dimen174
\@belowrulesep=\dimen175
\@thisruleclass=\count290
\@lastruleclass=\count291
\@thisrulewidth=\dimen176
)
(/usr/local/texlive/2021/texmf-dist/tex/latex/geometry/geometry.sty
Package: geometry 2020/01/02 v5.9 Page Geometry

(/usr/local/texlive/2021/texmf-dist/tex/generic/iftex/ifvtex.sty
Package: ifvtex 2019/10/25 v1.7 ifvtex legacy package. Use iftex instead.

(/usr/local/texlive/2021/texmf-dist/tex/generic/iftex/iftex.sty
Package: iftex 2020/03/06 v1.0d TeX engine tests
))
\Gm@cnth=\count292
\Gm@cntv=\count293
\c@Gm@tempcnt=\count294
\Gm@bindingoffset=\dimen177
\Gm@wd@mp=\dimen178
\Gm@odd@mp=\dimen179
\Gm@even@mp=\dimen180
\Gm@layoutwidth=\dimen181
\Gm@layoutheight=\dimen182
\Gm@layouthoffset=\dimen183
\Gm@layoutvoffset=\dimen184
\Gm@dimlist=\toks39
)
(/usr/local/texlive/2021/texmf-dist/tex/latex/base/fontenc.sty
Package: fontenc 2020/08/10 v2.0s Standard LaTeX package
)
(/usr/local/texlive/2021/texmf-dist/tex/latex/bera/berasans.sty
Package: berasans 2004/01/30 (WaS)
)
(/usr/local/texlive/2021/texmf-dist/tex/latex/hyperref/hyperref.sty
Package: hyperref 2021-02-27 v7.00k Hypertext links for LaTeX

(/usr/local/texlive/2021/texmf-dist/tex/generic/ltxcmds/ltxcmds.sty
Package: ltxcmds 2020-05-10 v1.25 LaTeX kernel commands for general use (HO)
)
(/usr/local/texlive/2021/texmf-dist/tex/generic/pdftexcmds/pdftexcmds.sty
Package: pdftexcmds 2020-06-27 v0.33 Utility functions of pdfTeX for LuaTeX (HO
)

(/usr/local/texlive/2021/texmf-dist/tex/generic/infwarerr/infwarerr.sty
Package: infwarerr 2019/12/03 v1.5 Providing info/warning/error messages (HO)
)
Package pdftexcmds Info: \pdf@primitive is available.
Package pdftexcmds Info: \pdf@ifprimitive is available.
Package pdftexcmds Info: \pdfdraftmode found.
)
(/usr/local/texlive/2021/texmf-dist/tex/generic/kvsetkeys/kvsetkeys.sty
Package: kvsetkeys 2019/12/15 v1.18 Key value parser (HO)
)
(/usr/local/texlive/2021/texmf-dist/tex/generic/kvdefinekeys/kvdefinekeys.sty
Package: kvdefinekeys 2019-12-19 v1.6 Define keys (HO)
)
(/usr/local/texlive/2021/texmf-dist/tex/generic/pdfescape/pdfescape.sty
Package: pdfescape 2019/12/09 v1.15 Implements pdfTeX's escape features (HO)
)
(/usr/local/texlive/2021/texmf-dist/tex/latex/hycolor/hycolor.sty
Package: hycolor 2020-01-27 v1.10 Color options for hyperref/bookmark (HO)
)
(/usr/local/texlive/2021/texmf-dist/tex/latex/letltxmacro/letltxmacro.sty
Package: letltxmacro 2019/12/03 v1.6 Let assignment for LaTeX macros (HO)
)
(/usr/local/texlive/2021/texmf-dist/tex/latex/auxhook/auxhook.sty
Package: auxhook 2019-12-17 v1.6 Hooks for auxiliary files (HO)
)
(/usr/local/texlive/2021/texmf-dist/tex/latex/kvoptions/kvoptions.sty
Package: kvoptions 2020-10-07 v3.14 Key value format for package options (HO)
)
\@linkdim=\dimen185
\Hy@linkcounter=\count295
\Hy@pagecounter=\count296

(/usr/local/texlive/2021/texmf-dist/tex/latex/hyperref/pd1enc.def
File: pd1enc.def 2021-02-27 v7.00k Hyperref: PDFDocEncoding definition (HO)
Now handling font encoding PD1 ...
... no UTF-8 mapping file for font encoding PD1
)
(/usr/local/texlive/2021/texmf-dist/tex/latex/hyperref/hyperref-langpatches.def
File: hyperref-langpatches.def 2021-02-27 v7.00k Hyperref: patches for babel la
nguages
) (/usr/local/texlive/2021/texmf-dist/tex/generic/intcalc/intcalc.sty
Package: intcalc 2019/12/15 v1.3 Expandable calculations with integers (HO)
)
(/usr/local/texlive/2021/texmf-dist/tex/generic/etexcmds/etexcmds.sty
Package: etexcmds 2019/12/15 v1.7 Avoid name clashes with e-TeX commands (HO)
)
\Hy@SavedSpaceFactor=\count297

(/usr/local/texlive/2021/texmf-dist/tex/latex/hyperref/puenc.def
File: puenc.def 2021-02-27 v7.00k Hyperref: PDF Unicode definition (HO)
Now handling font encoding PU ...
... no UTF-8 mapping file for font encoding PU
)
Package hyperref Info: Hyper figures OFF on input line 4192.
Package hyperref Info: Link nesting OFF on input line 4197.
Package hyperref Info: Hyper index ON on input line 4200.
Package hyperref Info: Plain pages OFF on input line 4207.
Package hyperref Info: Backreferencing OFF on input line 4212.
Package hyperref Info: Implicit mode ON; LaTeX internals redefined.
Package hyperref Info: Bookmarks ON on input line 4445.
\c@Hy@tempcnt=\count298

(/usr/local/texlive/2021/texmf-dist/tex/latex/url/url.sty
\Urlmuskip=\muskip17
Package: url 2013/09/16  ver 3.4  Verb mode for urls, etc.
)
LaTeX Info: Redefining \url on input line 4804.
\XeTeXLinkMargin=\dimen186

(/usr/local/texlive/2021/texmf-dist/tex/generic/bitset/bitset.sty
Package: bitset 2019/12/09 v1.3 Handle bit-vector datatype (HO)

(/usr/local/texlive/2021/texmf-dist/tex/generic/bigintcalc/bigintcalc.sty
Package: bigintcalc 2019/12/15 v1.5 Expandable calculations on big integers (HO
)
))
\Fld@menulength=\count299
\Field@Width=\dimen187
\Fld@charsize=\dimen188
Package hyperref Info: Hyper figures OFF on input line 6075.
Package hyperref Info: Link nesting OFF on input line 6080.
Package hyperref Info: Hyper index ON on input line 6083.
Package hyperref Info: backreferencing OFF on input line 6090.
Package hyperref Info: Link coloring OFF on input line 6095.
Package hyperref Info: Link coloring with OCG OFF on input line 6100.
Package hyperref Info: PDF/A mode OFF on input line 6105.
LaTeX Info: Redefining \ref on input line 6145.
LaTeX Info: Redefining \pageref on input line 6149.

(/usr/local/texlive/2021/texmf-dist/tex/latex/base/atbegshi-ltx.sty
Package: atbegshi-ltx 2020/08/17 v1.0a Emulation of the original atbegshi packa
ge
with kernel methods
)
\Hy@abspage=\count300
\c@Item=\count301
\c@Hfootnote=\count302
)
Package hyperref Info: Driver (autodetected): hpdftex.

(/usr/local/texlive/2021/texmf-dist/tex/latex/hyperref/hpdftex.def
File: hpdftex.def 2021-02-27 v7.00k Hyperref driver for pdfTeX

(/usr/local/texlive/2021/texmf-dist/tex/latex/base/atveryend-ltx.sty
Package: atveryend-ltx 2020/08/19 v1.0a Emulation of the original atvery packag
e
with kernel methods
)
\Fld@listcount=\count303
\c@bookmark@seq@number=\count304

(/usr/local/texlive/2021/texmf-dist/tex/latex/rerunfilecheck/rerunfilecheck.sty
Package: rerunfilecheck 2019/12/05 v1.9 Rerun checks for auxiliary files (HO)

(/usr/local/texlive/2021/texmf-dist/tex/generic/uniquecounter/uniquecounter.sty
Package: uniquecounter 2019/12/15 v1.4 Provide unlimited unique counter (HO)
)
Package uniquecounter Info: New unique counter `rerunfilecheck' on input line 2
86.
)
\Hy@SectionHShift=\skip80
) (/usr/local/texlive/2021/texmf-dist/tex/generic/iftex/ifpdf.sty
Package: ifpdf 2019/10/25 v3.4 ifpdf legacy package. Use iftex instead.
)
(/usr/local/texlive/2021/texmf-dist/tex/generic/iftex/ifxetex.sty
Package: ifxetex 2019/10/25 v0.7 ifxetex legacy package. Use iftex instead.
)
(/usr/local/texlive/2021/texmf-dist/tex/latex/environ/environ.sty
Package: environ 2014/05/04 v0.3 A new way to define environments

(/usr/local/texlive/2021/texmf-dist/tex/latex/trimspaces/trimspaces.sty
Package: trimspaces 2009/09/17 v1.1 Trim spaces around a token list
))
(/usr/local/texlive/2021/texmf-dist/tex/latex/graphics/graphicx.sty
Package: graphicx 2020/09/09 v1.2b Enhanced LaTeX Graphics (DPC,SPQR)

(/usr/local/texlive/2021/texmf-dist/tex/latex/graphics/graphics.sty
Package: graphics 2020/08/30 v1.4c Standard LaTeX Graphics (DPC,SPQR)

(/usr/local/texlive/2021/texmf-dist/tex/latex/graphics/trig.sty
Package: trig 2016/01/03 v1.10 sin cos tan (DPC)
)
(/usr/local/texlive/2021/texmf-dist/tex/latex/graphics-cfg/graphics.cfg
File: graphics.cfg 2016/06/04 v1.11 sample graphics configuration
)
Package graphics Info: Driver file: pdftex.def on input line 105.
)
\Gin@req@height=\dimen189
\Gin@req@width=\dimen190
)
(/usr/local/texlive/2021/texmf-dist/tex/latex/epstopdf-pkg/epstopdf.sty
Package: epstopdf 2020-01-24 v2.11 Conversion with epstopdf on the fly (HO)

(/usr/local/texlive/2021/texmf-dist/tex/latex/grfext/grfext.sty
Package: grfext 2019/12/03 v1.3 Manage graphics extensions (HO)
)
(/usr/local/texlive/2021/texmf-dist/tex/latex/epstopdf-pkg/epstopdf-base.sty
Package: epstopdf-base 2020-01-24 v2.11 Base part for package epstopdf
Package epstopdf-base Info: Redefining graphics rule for `.eps' on input line 4
85.
Package grfext Info: Graphics extension search list:
(grfext)             [.pdf,.png,.jpg,.mps,.jpeg,.jbig2,.jb2,.PDF,.PNG,.JPG,.JPE
G,.JBIG2,.JB2,.eps]
(grfext)             \AppendGraphicsExtensions on input line 504.

(/usr/local/texlive/2021/texmf-dist/tex/latex/latexconfig/epstopdf-sys.cfg
File: epstopdf-sys.cfg 2010/07/13 v1.3 Configuration of (r)epstopdf for TeX Liv
e
)))
(/usr/local/texlive/2021/texmf-dist/tex/latex/xcolor/xcolor.sty
Package: xcolor 2016/05/11 v2.12 LaTeX color extensions (UK)

(/usr/local/texlive/2021/texmf-dist/tex/latex/graphics-cfg/color.cfg
File: color.cfg 2016/01/02 v1.6 sample color configuration
)
Package xcolor Info: Driver file: pdftex.def on input line 225.
LaTeX Info: Redefining \color on input line 709.
Package xcolor Info: Model `cmy' substituted by `cmy0' on input line 1348.
Package xcolor Info: Model `hsb' substituted by `rgb' on input line 1352.
Package xcolor Info: Model `RGB' extended on input line 1364.
Package xcolor Info: Model `HTML' substituted by `rgb' on input line 1366.
Package xcolor Info: Model `Hsb' substituted by `hsb' on input line 1367.
Package xcolor Info: Model `tHsb' substituted by `hsb' on input line 1368.
Package xcolor Info: Model `HSB' substituted by `hsb' on input line 1369.
Package xcolor Info: Model `Gray' substituted by `gray' on input line 1370.
Package xcolor Info: Model `wave' substituted by `hsb' on input line 1371.

(/usr/local/texlive/2021/texmf-dist/tex/latex/xcolor/svgnam.def
File: svgnam.def 2016/05/11 v2.12 Predefined colors according to SVG 1.1 (UK)
))
\c@Theorem=\count305

(/usr/local/texlive/2021/texmf-dist/tex/latex/listings/lstlang1.sty
File: lstlang1.sty 2020/03/24 1.8d listings language file
)
(/usr/local/texlive/2021/texmf-dist/tex/latex/listings/lstmisc.sty
File: lstmisc.sty 2020/03/24 1.8d (Carsten Heinz)
))
(/usr/local/texlive/2021/texmf-dist/tex/latex/was/gensymb.sty
Package: gensymb 2003/07/02 v1.0 (WaS)
)
(/usr/local/texlive/2021/texmf-dist/tex/latex/float/float.sty
Package: float 2001/11/08 v1.3d Float enhancements (AL)
\c@float@type=\count306
\float@exts=\toks40
\float@box=\box59
\@float@everytoks=\toks41
\@floatcapt=\box60
)
(/usr/local/texlive/2021/texmf-dist/tex/latex/psnfss/palatino.sty
Package: palatino 2020/03/25 PSNFSS-v9.3 (SPQR) 
)
(/usr/local/texlive/2021/texmf-dist/tex/latex/footmisc/footmisc.sty
Package: footmisc 2011/06/06 v5.5b a miscellany of footnote facilities
\FN@temptoken=\toks42
\footnotemargin=\dimen191
\c@pp@next@reset=\count307
Package footmisc Info: Declaring symbol style bringhurst on input line 855.
Package footmisc Info: Declaring symbol style chicago on input line 863.
Package footmisc Info: Declaring symbol style wiley on input line 872.
Package footmisc Info: Declaring symbol style lamport-robust on input line 883.

Package footmisc Info: Declaring symbol style lamport* on input line 903.
Package footmisc Info: Declaring symbol style lamport*-robust on input line 924
.
)
(/usr/local/texlive/2021/texmf-dist/tex/latex/lipsum/lipsum.sty
(/usr/local/texlive/2021/texmf-dist/tex/latex/l3kernel/expl3.sty
Package: expl3 2021-02-18 L3 programming layer (loader) 

(/usr/local/texlive/2021/texmf-dist/tex/latex/l3backend/l3backend-pdftex.def
File: l3backend-pdftex.def 2021-03-18 L3 backend support: PDF output (pdfTeX)
\l__color_backend_stack_int=\count308
\l__pdf_internal_box=\box61
))
(/usr/local/texlive/2021/texmf-dist/tex/latex/l3packages/xparse/xparse.sty
(/usr/local/texlive/2021/texmf-dist/tex/latex/l3packages/xparse/xparse-2020-10-
01.sty
(/usr/local/texlive/2021/texmf-dist/tex/latex/l3packages/xparse/xparse-generic.
tex)))
Package: lipsum 2021-03-03 v2.3 150 paragraphs of Lorem Ipsum dummy text
 (/usr/local/texlive/2021/texmf-dist/tex/latex/lipsum/lipsum.ltd.tex
File: lipsum.ltd.tex 2021-03-03 v2.3 The Lorem ipsum dummy text
))
(/usr/local/texlive/2021/texmf-dist/tex/latex/siunitx/siunitx.sty
Package: siunitx 2020/02/25 v2.8b A comprehensive (SI) units package

(/usr/local/texlive/2021/texmf-dist/tex/latex/l3packages/l3keys2e/l3keys2e.sty
Package: l3keys2e 2021-03-12 LaTeX2e option processing using LaTeX3 keys
)
\l__siunitx_tmp_box=\box62
\l__siunitx_tmp_dim=\dimen192
\l__siunitx_tmp_int=\count309
\l__siunitx_number_mantissa_length_int=\count310
\l__siunitx_number_uncert_length_int=\count311
\l__siunitx_round_int=\count312
\l__siunitx_process_decimal_int=\count313
\l__siunitx_process_uncertainty_int=\count314
\l__siunitx_process_fixed_int=\count315
\l__siunitx_process_integer_min_int=\count316
\l__siunitx_process_precision_int=\count317
\l__siunitx_group_min_int=\count318
\l__siunitx_angle_marker_box=\box63
\l__siunitx_angle_unit_box=\box64
\l__siunitx_angle_marker_dim=\dimen193
\l__siunitx_angle_unit_dim=\dimen194
\l__siunitx_unit_int=\count319
\l__siunitx_unit_denominator_int=\count320
\l__siunitx_unit_numerator_int=\count321
\l__siunitx_unit_prefix_int=\count322
\l__siunitx_unit_prefix_base_int=\count323
\l__siunitx_unit_prefix_gram_int=\count324
\l__siunitx_number_product_int=\count325
\c__siunitx_one_fill_skip=\skip81
\l__siunitx_table_unit_align_skip=\skip82
\l__siunitx_table_exponent_dim=\dimen195
\l__siunitx_table_integer_dim=\dimen196
\l__siunitx_table_mantissa_dim=\dimen197
\l__siunitx_table_marker_dim=\dimen198
\l__siunitx_table_result_dim=\dimen199
\l__siunitx_table_uncert_dim=\dimen256
\l__siunitx_table_fill_pre_dim=\dimen257
\l__siunitx_table_fill_post_dim=\dimen258
\l__siunitx_table_fill_mid_dim=\dimen259
\l__siunitx_table_pre_box=\box65
\l__siunitx_table_post_box=\box66
\l__siunitx_table_mantissa_box=\box67
\l__siunitx_table_result_box=\box68
\l__siunitx_table_number_align_skip=\skip83
\l__siunitx_table_text_align_skip=\skip84
(/usr/local/texlive/2021/texmf-dist/tex/latex/translator/translator.sty
Package: translator 2020-08-03 v1.12c Easy translation of strings in LaTeX
))
(/usr/local/texlive/2021/texmf-dist/tex/latex/setspace/setspace.sty
Package: setspace 2011/12/19 v6.7a set line spacing
)
(/usr/local/texlive/2021/texmf-dist/tex/latex/base/textcomp.sty
Package: textcomp 2020/02/02 v2.0n Standard LaTeX package
)
LaTeX Font Info:    Trying to load font information for T1+ppl on input line 23
.

(/usr/local/texlive/2021/texmf-dist/tex/latex/psnfss/t1ppl.fd
File: t1ppl.fd 2001/06/04 font definitions for T1/ppl.
) (./Lab1.aux)
\openout1 = `Lab1.aux'.

LaTeX Font Info:    Checking defaults for OML/cmm/m/it on input line 23.
LaTeX Font Info:    ... okay on input line 23.
LaTeX Font Info:    Checking defaults for OMS/cmsy/m/n on input line 23.
LaTeX Font Info:    ... okay on input line 23.
LaTeX Font Info:    Checking defaults for OT1/cmr/m/n on input line 23.
LaTeX Font Info:    ... okay on input line 23.
LaTeX Font Info:    Checking defaults for T1/cmr/m/n on input line 23.
LaTeX Font Info:    ... okay on input line 23.
LaTeX Font Info:    Checking defaults for TS1/cmr/m/n on input line 23.
LaTeX Font Info:    ... okay on input line 23.
LaTeX Font Info:    Checking defaults for OMX/cmex/m/n on input line 23.
LaTeX Font Info:    ... okay on input line 23.
LaTeX Font Info:    Checking defaults for U/cmr/m/n on input line 23.
LaTeX Font Info:    ... okay on input line 23.
LaTeX Font Info:    Checking defaults for PD1/pdf/m/n on input line 23.
LaTeX Font Info:    ... okay on input line 23.
LaTeX Font Info:    Checking defaults for PU/pdf/m/n on input line 23.
LaTeX Font Info:    ... okay on input line 23.
Package lastpage Info: Please have a look at the pageslts package at
(lastpage)             https://www.ctan.org/pkg/pageslts
(lastpage)             ! on input line 23.
\c@lstlisting=\count326

(/usr/local/texlive/2021/texmf-dist/tex/context/base/mkii/supp-pdf.mkii
[Loading MPS to PDF converter (version 2006.09.02).]
\scratchcounter=\count327
\scratchdimen=\dimen260
\scratchbox=\box69
\nofMPsegments=\count328
\nofMParguments=\count329
\everyMPshowfont=\toks43
\MPscratchCnt=\count330
\MPscratchDim=\dimen261
\MPnumerator=\count331
\makeMPintoPDFobject=\count332
\everyMPtoPDFconversion=\toks44
)
*geometry* driver: auto-detecting
*geometry* detected driver: pdftex
*geometry* verbose mode - [ preamble ] result:
* driver: pdftex
* paper: letterpaper
* layout: <same size as paper>
* layoutoffset:(h,v)=(0.0pt,0.0pt)
* modes: 
* h-part:(L,W,R)=(72.26999pt, 469.75502pt, 72.26999pt)
* v-part:(T,H,B)=(72.26999pt, 650.43001pt, 72.26999pt)
* \paperwidth=614.295pt
* \paperheight=794.96999pt
* \textwidth=469.75502pt
* \textheight=650.43001pt
* \oddsidemargin=0.0pt
* \evensidemargin=0.0pt
* \topmargin=-37.0pt
* \headheight=12.0pt
* \headsep=25.0pt
* \topskip=12.0pt
* \footskip=30.0pt
* \marginparwidth=44.0pt
* \marginparsep=10.0pt
* \columnsep=10.0pt
* \skip\footins=10.8pt plus 4.0pt minus 2.0pt
* \hoffset=0.0pt
* \voffset=0.0pt
* \mag=1000
* \@twocolumnfalse
* \@twosidefalse
* \@mparswitchfalse
* \@reversemarginfalse
* (1in=72.27pt=25.4mm, 1cm=28.453pt)

Package hyperref Info: Link coloring OFF on input line 23.
(/usr/local/texlive/2021/texmf-dist/tex/latex/hyperref/nameref.sty
Package: nameref 2021-04-02 v2.47 Cross-referencing by name of section

(/usr/local/texlive/2021/texmf-dist/tex/latex/refcount/refcount.sty
Package: refcount 2019/12/15 v3.6 Data extraction from label references (HO)
)
(/usr/local/texlive/2021/texmf-dist/tex/generic/gettitlestring/gettitlestring.s
ty
Package: gettitlestring 2019/12/15 v1.6 Cleanup title references (HO)
)
\c@section@level=\count333
)
LaTeX Info: Redefining \ref on input line 23.
LaTeX Info: Redefining \pageref on input line 23.
LaTeX Info: Redefining \nameref on input line 23.
 (./Lab1.out) (./Lab1.out)
\@outlinefile=\write4
\openout4 = `Lab1.out'.

\symgns@font=\mathgroup11
LaTeX Font Info:    Overwriting symbol font `gns@font' in version `bold'
(Font)                  TS1/ppl/m/n --> TS1/ppl/b/n on input line 23.
Package gensymb Info: Math companion symbols declared on input line 23.
LaTeX Info: Redefining \degree on input line 23.
LaTeX Info: Redefining \celsius on input line 23.
Package gensymb Info: Using text companion symbols for \degree, \celsius and \p
erthousand on input line 23.
LaTeX Info: Redefining \ohm on input line 23.
Package gensymb Info: Using \textohm for \ohm on input line 23.
Package gensymb Info: Using \textmu for \micro on input line 23.

(/usr/local/texlive/2021/texmf-dist/tex/latex/siunitx/siunitx-abbreviations.cfg
File: siunitx-abbreviations.cfg 2017/11/26 v2.7k siunitx: Abbreviated units
)
(/usr/local/texlive/2021/texmf-dist/tex/latex/translator/translator-basic-dicti
onary-English.dict
Dictionary: translator-basic-dictionary, Language: English 
)
LaTeX Font Info:    Trying to load font information for U+msa on input line 23.


(/usr/local/texlive/2021/texmf-dist/tex/latex/amsfonts/umsa.fd
File: umsa.fd 2013/01/14 v3.01 AMS symbols A
)
LaTeX Font Info:    Trying to load font information for U+msb on input line 23.


(/usr/local/texlive/2021/texmf-dist/tex/latex/amsfonts/umsb.fd
File: umsb.fd 2013/01/14 v3.01 AMS symbols B
)
LaTeX Font Info:    Trying to load font information for U+rsfs on input line 23
.

(/usr/local/texlive/2021/texmf-dist/tex/latex/jknapltx/ursfs.fd
File: ursfs.fd 1998/03/24 rsfs font definition file (jk)
)
LaTeX Font Info:    Trying to load font information for U+lasy on input line 23
.

(/usr/local/texlive/2021/texmf-dist/tex/latex/base/ulasy.fd
File: ulasy.fd 1998/08/17 v2.2e LaTeX symbol font definitions
)
LaTeX Font Info:    Trying to load font information for TS1+ppl on input line 2
3.

(/usr/local/texlive/2021/texmf-dist/tex/latex/psnfss/ts1ppl.fd
File: ts1ppl.fd 2001/06/04 font definitions for TS1/ppl.
)
LaTeX Font Info:    Trying to load font information for T1+phv on input line 77
.

(/usr/local/texlive/2021/texmf-dist/tex/latex/psnfss/t1phv.fd
File: t1phv.fd 2020/03/25 scalable font definitions for T1/phv.
)

Package fancyhdr Warning: \headheight is too small (12.0pt): 
(fancyhdr)                Make it at least 13.59999pt, for example:
(fancyhdr)                \setlength{\headheight}{13.59999pt}.
(fancyhdr)                You might also make \topmargin smaller to compensate:

(fancyhdr)                \addtolength{\topmargin}{-1.59999pt}.

[1{/usr/local/texlive/2021/texmf-var/fonts/map/pdftex/updmap/pdftex.map}

]
(./Lab1.toc)
\tf@toc=\write5
\openout5 = `Lab1.toc'.



Package fancyhdr Warning: \headheight is too small (12.0pt): 
(fancyhdr)                Make it at least 13.59999pt, for example:
(fancyhdr)                \setlength{\headheight}{13.59999pt}.
(fancyhdr)                You might also make \topmargin smaller to compensate:

(fancyhdr)                \addtolength{\topmargin}{-1.59999pt}.

[2]
<fig1.png, id=104, 1054.94125pt x 733.74126pt>
File: fig1.png Graphic file (type png)
<use fig1.png>
Package pdftex.def Info: fig1.png  used on input line 90.
(pdftex.def)             Requested size: 426.79134pt x 296.8389pt.

Underfull \hbox (badness 10000) in paragraph at lines 95--99

 []


Package fancyhdr Warning: \headheight is too small (12.0pt): 
(fancyhdr)                Make it at least 13.59999pt, for example:
(fancyhdr)                \setlength{\headheight}{13.59999pt}.
(fancyhdr)                You might also make \topmargin smaller to compensate:

(fancyhdr)                \addtolength{\topmargin}{-1.59999pt}.

[3 <./fig1.png>]
<fig2.png, id=112, 1122.1925pt x 702.625pt>
File: fig2.png Graphic file (type png)
<use fig2.png>
Package pdftex.def Info: fig2.png  used on input line 115.
(pdftex.def)             Requested size: 426.79134pt x 267.21469pt.

Underfull \hbox (badness 10000) in paragraph at lines 120--124

 []


Package fancyhdr Warning: \headheight is too small (12.0pt): 
(fancyhdr)                Make it at least 13.59999pt, for example:
(fancyhdr)                \setlength{\headheight}{13.59999pt}.
(fancyhdr)                You might also make \topmargin smaller to compensate:

(fancyhdr)                \addtolength{\topmargin}{-1.59999pt}.

[4 <./fig2.png>]
<fig3.png, id=119, 1131.22626pt x 278.03876pt>
File: fig3.png Graphic file (type png)
<use fig3.png>
Package pdftex.def Info: fig3.png  used on input line 125.
(pdftex.def)             Requested size: 369.88582pt x 90.9088pt.
<fig4.png, id=120, 582.67688pt x 394.85016pt>
File: fig4.png Graphic file (type png)
<use fig4.png>
Package pdftex.def Info: fig4.png  used on input line 132.
(pdftex.def)             Requested size: 405.45177pt x 274.76047pt.


Package fancyhdr Warning: \headheight is too small (12.0pt): 
(fancyhdr)                Make it at least 13.59999pt, for example:
(fancyhdr)                \setlength{\headheight}{13.59999pt}.
(fancyhdr)                You might also make \topmargin smaller to compensate:

(fancyhdr)                \addtolength{\topmargin}{-1.59999pt}.

[5 <./fig3.png> <./fig4.png>]

Package fancyhdr Warning: \headheight is too small (12.0pt): 
(fancyhdr)                Make it at least 13.59999pt, for example:
(fancyhdr)                \setlength{\headheight}{13.59999pt}.
(fancyhdr)                You might also make \topmargin smaller to compensate:

(fancyhdr)                \addtolength{\topmargin}{-1.59999pt}.

[6]
Underfull \hbox (badness 10000) in paragraph at lines 164--175

 []


Underfull \hbox (badness 10000) in paragraph at lines 164--175

 []


Underfull \hbox (badness 10000) in paragraph at lines 164--175

 []


Package fancyhdr Warning: \headheight is too small (12.0pt): 
(fancyhdr)                Make it at least 13.59999pt, for example:
(fancyhdr)                \setlength{\headheight}{13.59999pt}.
(fancyhdr)                You might also make \topmargin smaller to compensate:

(fancyhdr)                \addtolength{\topmargin}{-1.59999pt}.

[7]
\imageheight=\skip85
<all_powered_load1.png, id=142, 2874.74pt x 1581.91pt>
File: all_powered_load1.png Graphic file (type png)
<use all_powered_load1.png>
Package pdftex.def Info: all_powered_load1.png  used on input line 178.
(pdftex.def)             Requested size: 2874.73302pt x 1581.90616pt.
File: all_powered_load1.png Graphic file (type png)
<use all_powered_load1.png>
Package pdftex.def Info: all_powered_load1.png  used on input line 180.
(pdftex.def)             Requested size: 474.31165pt x 128.19753pt.

Overfull \hbox (4.55663pt too wide) in paragraph at lines 180--181
 [] 
 []

<ac.png, id=144, 1453.43pt x 649.42625pt>
File: ac.png Graphic file (type png)
<use ac.png>
Package pdftex.def Info: ac.png  used on input line 186.
(pdftex.def)             Requested size: 384.1122pt x 171.6314pt.
<all_powered_load2.png, id=145, 2569.6pt x 1308.89pt>
File: all_powered_load2.png Graphic file (type png)
<use all_powered_load2.png>
Package pdftex.def Info: all_powered_load2.png  used on input line 193.
(pdftex.def)             Requested size: 2569.59377pt x 1308.88681pt.
File: all_powered_load2.png Graphic file (type png)
<use all_powered_load2.png>
Package pdftex.def Info: all_powered_load2.png  used on input line 194.
(pdftex.def)             Requested size: 475.36856pt x 120.90987pt.

Overfull \hbox (5.61354pt too wide) in paragraph at lines 191--195
[] 
 []

<all_powered_signals.png, id=147, 260.975pt x 353.32pt>
File: all_powered_signals.png Graphic file (type png)
<use all_powered_signals.png>
Package pdftex.def Info: all_powered_signals.png  used on input line 199.
(pdftex.def)             Requested size: 120.92421pt x 163.71524pt.

Package fancyhdr Warning: \headheight is too small (12.0pt): 
(fancyhdr)                Make it at least 13.59999pt, for example:
(fancyhdr)                \setlength{\headheight}{13.59999pt}.
(fancyhdr)                You might also make \topmargin smaller to compensate:

(fancyhdr)                \addtolength{\topmargin}{-1.59999pt}.

[8 <./all_powered_load1.png (PNG copy)> <./all_powered_load2.png (PNG copy)> <.
/ac.png>]
<all_powered.png, id=156, 487.8225pt x 477.785pt>
File: all_powered.png Graphic file (type png)
<use all_powered.png>
Package pdftex.def Info: all_powered.png  used on input line 205.
(pdftex.def)             Requested size: 384.1122pt x 376.21393pt.


Package fancyhdr Warning: \headheight is too small (12.0pt): 
(fancyhdr)                Make it at least 13.59999pt, for example:
(fancyhdr)                \setlength{\headheight}{13.59999pt}.
(fancyhdr)                You might also make \topmargin smaller to compensate:

(fancyhdr)                \addtolength{\topmargin}{-1.59999pt}.

[9 <./all_powered_signals.png> <./all_powered.png>]
<gr_down_load1.png, id=164, 2874.74pt x 1581.91pt>
File: gr_down_load1.png Graphic file (type png)
<use gr_down_load1.png>
Package pdftex.def Info: gr_down_load1.png  used on input line 214.
(pdftex.def)             Requested size: 2874.73302pt x 1581.90616pt.
File: gr_down_load1.png Graphic file (type png)
<use gr_down_load1.png>
Package pdftex.def Info: gr_down_load1.png  used on input line 216.
(pdftex.def)             Requested size: 474.31165pt x 128.19753pt.

Overfull \hbox (4.55663pt too wide) in paragraph at lines 216--217
 [] 
 []

<gr_down_load2.png, id=166, 2569.6pt x 1308.89pt>
File: gr_down_load2.png Graphic file (type png)
<use gr_down_load2.png>
Package pdftex.def Info: gr_down_load2.png  used on input line 221.
(pdftex.def)             Requested size: 2569.59377pt x 1308.88681pt.
File: gr_down_load2.png Graphic file (type png)
<use gr_down_load2.png>
Package pdftex.def Info: gr_down_load2.png  used on input line 222.
(pdftex.def)             Requested size: 475.36856pt x 120.90987pt.

Overfull \hbox (5.61354pt too wide) in paragraph at lines 222--223
[] 
 []

<gr_down_signals.png, id=168, 258.9675pt x 352.31625pt>
File: gr_down_signals.png Graphic file (type png)
<use gr_down_signals.png>
Package pdftex.def Info: gr_down_signals.png  used on input line 227.
(pdftex.def)             Requested size: 128.0374pt x 174.19548pt.
<gr_down.png, id=169, 486.81876pt x 473.77pt>
File: gr_down.png Graphic file (type png)
<use gr_down.png>
Package pdftex.def Info: gr_down.png  used on input line 233.
(pdftex.def)             Requested size: 412.56496pt x 401.50636pt.

Package fancyhdr Warning: \headheight is too small (12.0pt): 
(fancyhdr)                Make it at least 13.59999pt, for example:
(fancyhdr)                \setlength{\headheight}{13.59999pt}.
(fancyhdr)                You might also make \topmargin smaller to compensate:

(fancyhdr)                \addtolength{\topmargin}{-1.59999pt}.

[10 <./gr_down_load1.png (PNG copy)> <./gr_down_load2.png (PNG copy)> <./gr_dow
n_signals.png>]

Package fancyhdr Warning: \headheight is too small (12.0pt): 
(fancyhdr)                Make it at least 13.59999pt, for example:
(fancyhdr)                \setlength{\headheight}{13.59999pt}.
(fancyhdr)                You might also make \topmargin smaller to compensate:

(fancyhdr)                \addtolength{\topmargin}{-1.59999pt}.

[11 <./gr_down.png>]
<gl_down_load1.png, id=185, 2874.74pt x 1581.91pt>
File: gl_down_load1.png Graphic file (type png)
<use gl_down_load1.png>
Package pdftex.def Info: gl_down_load1.png  used on input line 242.
(pdftex.def)             Requested size: 2874.73302pt x 1581.90616pt.
File: gl_down_load1.png Graphic file (type png)
<use gl_down_load1.png>
Package pdftex.def Info: gl_down_load1.png  used on input line 244.
(pdftex.def)             Requested size: 474.31165pt x 128.19753pt.

Overfull \hbox (4.55663pt too wide) in paragraph at lines 244--245
 [] 
 []

<gl_down_load2.png, id=187, 2569.6pt x 1308.89pt>
File: gl_down_load2.png Graphic file (type png)
<use gl_down_load2.png>
Package pdftex.def Info: gl_down_load2.png  used on input line 249.
(pdftex.def)             Requested size: 2569.59377pt x 1308.88681pt.
File: gl_down_load2.png Graphic file (type png)
<use gl_down_load2.png>
Package pdftex.def Info: gl_down_load2.png  used on input line 250.
(pdftex.def)             Requested size: 475.36856pt x 120.90987pt.

Overfull \hbox (5.61354pt too wide) in paragraph at lines 250--251
[] 
 []

<gl_down_signals.png, id=189, 260.975pt x 352.31625pt>
File: gl_down_signals.png Graphic file (type png)
<use gl_down_signals.png>
Package pdftex.def Info: gl_down_signals.png  used on input line 255.
(pdftex.def)             Requested size: 128.0374pt x 172.8515pt.
<gl_down.png, id=190, 487.8225pt x 475.7775pt>
File: gl_down.png Graphic file (type png)
<use gl_down.png>
Package pdftex.def Info: gl_down.png  used on input line 261.
(pdftex.def)             Requested size: 412.56496pt x 402.38004pt.

Package fancyhdr Warning: \headheight is too small (12.0pt): 
(fancyhdr)                Make it at least 13.59999pt, for example:
(fancyhdr)                \setlength{\headheight}{13.59999pt}.
(fancyhdr)                You might also make \topmargin smaller to compensate:

(fancyhdr)                \addtolength{\topmargin}{-1.59999pt}.

[12 <./gl_down_load1.png (PNG copy)> <./gl_down_load2.png (PNG copy)> <./gl_dow
n_signals.png>]

Package fancyhdr Warning: \headheight is too small (12.0pt): 
(fancyhdr)                Make it at least 13.59999pt, for example:
(fancyhdr)                \setlength{\headheight}{13.59999pt}.
(fancyhdr)                You might also make \topmargin smaller to compensate:

(fancyhdr)                \addtolength{\topmargin}{-1.59999pt}.

[13 <./gl_down.png>]
<gr_ar_load1.png, id=206, 2874.74pt x 1581.91pt>
File: gr_ar_load1.png Graphic file (type png)
<use gr_ar_load1.png>
Package pdftex.def Info: gr_ar_load1.png  used on input line 270.
(pdftex.def)             Requested size: 2874.73302pt x 1581.90616pt.
File: gr_ar_load1.png Graphic file (type png)
<use gr_ar_load1.png>
Package pdftex.def Info: gr_ar_load1.png  used on input line 272.
(pdftex.def)             Requested size: 474.31165pt x 128.19753pt.

Overfull \hbox (4.55663pt too wide) in paragraph at lines 272--273
 [] 
 []

<gr_ar_load2.png, id=208, 2569.6pt x 1308.89pt>
File: gr_ar_load2.png Graphic file (type png)
<use gr_ar_load2.png>
Package pdftex.def Info: gr_ar_load2.png  used on input line 277.
(pdftex.def)             Requested size: 2569.59377pt x 1308.88681pt.
File: gr_ar_load2.png Graphic file (type png)
<use gr_ar_load2.png>
Package pdftex.def Info: gr_ar_load2.png  used on input line 278.
(pdftex.def)             Requested size: 475.36856pt x 120.90987pt.

Overfull \hbox (5.61354pt too wide) in paragraph at lines 278--279
[] 
 []

<gr_ar_signals.png, id=210, 259.97125pt x 350.30875pt>
File: gr_ar_signals.png Graphic file (type png)
<use gr_ar_signals.png>
Package pdftex.def Info: gr_ar_signals.png  used on input line 283.
(pdftex.def)             Requested size: 128.0374pt x 172.5294pt.
<gr_ar.png, id=211, 486.81876pt x 474.77374pt>
File: gr_ar.png Graphic file (type png)
<use gr_ar.png>
Package pdftex.def Info: gr_ar.png  used on input line 289.
(pdftex.def)             Requested size: 412.56496pt x 402.35701pt.

Package fancyhdr Warning: \headheight is too small (12.0pt): 
(fancyhdr)                Make it at least 13.59999pt, for example:
(fancyhdr)                \setlength{\headheight}{13.59999pt}.
(fancyhdr)                You might also make \topmargin smaller to compensate:

(fancyhdr)                \addtolength{\topmargin}{-1.59999pt}.

[14 <./gr_ar_load1.png (PNG copy)> <./gr_ar_load2.png (PNG copy)> <./gr_ar_sign
als.png>]

Package fancyhdr Warning: \headheight is too small (12.0pt): 
(fancyhdr)                Make it at least 13.59999pt, for example:
(fancyhdr)                \setlength{\headheight}{13.59999pt}.
(fancyhdr)                You might also make \topmargin smaller to compensate:

(fancyhdr)                \addtolength{\topmargin}{-1.59999pt}.

[15 <./gr_ar.png>]
<gl_al_load1.png, id=226, 2874.74pt x 1581.91pt>
File: gl_al_load1.png Graphic file (type png)
<use gl_al_load1.png>
Package pdftex.def Info: gl_al_load1.png  used on input line 298.
(pdftex.def)             Requested size: 2874.73302pt x 1581.90616pt.
File: gl_al_load1.png Graphic file (type png)
<use gl_al_load1.png>
Package pdftex.def Info: gl_al_load1.png  used on input line 300.
(pdftex.def)             Requested size: 474.31165pt x 128.19753pt.

Overfull \hbox (4.55663pt too wide) in paragraph at lines 300--301
 [] 
 []

<gl_al_load2.png, id=228, 2569.6pt x 1308.89pt>
File: gl_al_load2.png Graphic file (type png)
<use gl_al_load2.png>
Package pdftex.def Info: gl_al_load2.png  used on input line 305.
(pdftex.def)             Requested size: 2569.59377pt x 1308.88681pt.
File: gl_al_load2.png Graphic file (type png)
<use gl_al_load2.png>
Package pdftex.def Info: gl_al_load2.png  used on input line 306.
(pdftex.def)             Requested size: 475.36856pt x 120.90987pt.

Overfull \hbox (5.61354pt too wide) in paragraph at lines 306--307
[] 
 []

<gl_al_signals.png, id=230, 256.96pt x 349.305pt>
File: gl_al_signals.png Graphic file (type png)
<use gl_al_signals.png>
Package pdftex.def Info: gl_al_signals.png  used on input line 311.
(pdftex.def)             Requested size: 128.0374pt x 174.04977pt.
<gl_al.png, id=231, 489.83pt x 479.7925pt>
File: gl_al.png Graphic file (type png)
<use gl_al.png>
Package pdftex.def Info: gl_al.png  used on input line 317.
(pdftex.def)             Requested size: 412.56496pt x 404.1211pt.

Package fancyhdr Warning: \headheight is too small (12.0pt): 
(fancyhdr)                Make it at least 13.59999pt, for example:
(fancyhdr)                \setlength{\headheight}{13.59999pt}.
(fancyhdr)                You might also make \topmargin smaller to compensate:

(fancyhdr)                \addtolength{\topmargin}{-1.59999pt}.

[16 <./gl_al_load1.png (PNG copy)> <./gl_al_load2.png (PNG copy)> <./gl_al_sign
als.png>]

Package fancyhdr Warning: \headheight is too small (12.0pt): 
(fancyhdr)                Make it at least 13.59999pt, for example:
(fancyhdr)                \setlength{\headheight}{13.59999pt}.
(fancyhdr)                You might also make \topmargin smaller to compensate:

(fancyhdr)                \addtolength{\topmargin}{-1.59999pt}.

[17 <./gl_al.png>]
<gl_gr_load1.png, id=246, 2874.74pt x 1581.91pt>
File: gl_gr_load1.png Graphic file (type png)
<use gl_gr_load1.png>
Package pdftex.def Info: gl_gr_load1.png  used on input line 326.
(pdftex.def)             Requested size: 2874.73302pt x 1581.90616pt.
File: gl_gr_load1.png Graphic file (type png)
<use gl_gr_load1.png>
Package pdftex.def Info: gl_gr_load1.png  used on input line 328.
(pdftex.def)             Requested size: 474.31165pt x 128.19753pt.

Overfull \hbox (4.55663pt too wide) in paragraph at lines 328--329
 [] 
 []

<gl_gr_load2.png, id=248, 2569.6pt x 1308.89pt>
File: gl_gr_load2.png Graphic file (type png)
<use gl_gr_load2.png>
Package pdftex.def Info: gl_gr_load2.png  used on input line 333.
(pdftex.def)             Requested size: 2569.59377pt x 1308.88681pt.
File: gl_gr_load2.png Graphic file (type png)
<use gl_gr_load2.png>
Package pdftex.def Info: gl_gr_load2.png  used on input line 334.
(pdftex.def)             Requested size: 475.36856pt x 120.90987pt.

Overfull \hbox (5.61354pt too wide) in paragraph at lines 334--335
[] 
 []

<gl_gr_signals.png, id=250, 258.9675pt x 353.32pt>
File: gl_gr_signals.png Graphic file (type png)
<use gl_gr_signals.png>
Package pdftex.def Info: gl_gr_signals.png  used on input line 339.
(pdftex.def)             Requested size: 128.0374pt x 174.69177pt.
<gl_gr.png, id=251, 487.8225pt x 475.7775pt>
File: gl_gr.png Graphic file (type png)
<use gl_gr.png>
Package pdftex.def Info: gl_gr.png  used on input line 345.
(pdftex.def)             Requested size: 412.56496pt x 402.38004pt.

Package fancyhdr Warning: \headheight is too small (12.0pt): 
(fancyhdr)                Make it at least 13.59999pt, for example:
(fancyhdr)                \setlength{\headheight}{13.59999pt}.
(fancyhdr)                You might also make \topmargin smaller to compensate:

(fancyhdr)                \addtolength{\topmargin}{-1.59999pt}.

[18 <./gl_gr_load1.png (PNG copy)> <./gl_gr_load2.png (PNG copy)> <./gl_gr_sign
als.png>]

Package fancyhdr Warning: \headheight is too small (12.0pt): 
(fancyhdr)                Make it at least 13.59999pt, for example:
(fancyhdr)                \setlength{\headheight}{13.59999pt}.
(fancyhdr)                You might also make \topmargin smaller to compensate:

(fancyhdr)                \addtolength{\topmargin}{-1.59999pt}.

[19 <./gl_gr.png>]
<gl_gr_ar_load1.png, id=267, 2874.74pt x 1581.91pt>
File: gl_gr_ar_load1.png Graphic file (type png)
<use gl_gr_ar_load1.png>
Package pdftex.def Info: gl_gr_ar_load1.png  used on input line 354.
(pdftex.def)             Requested size: 2874.73302pt x 1581.90616pt.
File: gl_gr_ar_load1.png Graphic file (type png)
<use gl_gr_ar_load1.png>
Package pdftex.def Info: gl_gr_ar_load1.png  used on input line 356.
(pdftex.def)             Requested size: 474.31165pt x 128.19753pt.

Overfull \hbox (4.55663pt too wide) in paragraph at lines 356--357
 [] 
 []

<gl_gr_ar_load2.png, id=269, 2569.6pt x 1308.89pt>
File: gl_gr_ar_load2.png Graphic file (type png)
<use gl_gr_ar_load2.png>
Package pdftex.def Info: gl_gr_ar_load2.png  used on input line 361.
(pdftex.def)             Requested size: 2569.59377pt x 1308.88681pt.
File: gl_gr_ar_load2.png Graphic file (type png)
<use gl_gr_ar_load2.png>
Package pdftex.def Info: gl_gr_ar_load2.png  used on input line 362.
(pdftex.def)             Requested size: 475.36856pt x 120.90987pt.

Overfull \hbox (5.61354pt too wide) in paragraph at lines 362--363
[] 
 []

<gl_gr_ar_signals.png, id=271, 256.96pt x 350.30875pt>
File: gl_gr_ar_signals.png Graphic file (type png)
<use gl_gr_ar_signals.png>
Package pdftex.def Info: gl_gr_ar_signals.png  used on input line 367.
(pdftex.def)             Requested size: 128.0374pt x 174.54993pt.
<gl_gr_ar.png, id=272, 487.8225pt x 475.7775pt>
File: gl_gr_ar.png Graphic file (type png)
<use gl_gr_ar.png>
Package pdftex.def Info: gl_gr_ar.png  used on input line 373.
(pdftex.def)             Requested size: 412.56496pt x 402.38004pt.

Package fancyhdr Warning: \headheight is too small (12.0pt): 
(fancyhdr)                Make it at least 13.59999pt, for example:
(fancyhdr)                \setlength{\headheight}{13.59999pt}.
(fancyhdr)                You might also make \topmargin smaller to compensate:

(fancyhdr)                \addtolength{\topmargin}{-1.59999pt}.

[20 <./gl_gr_ar_load1.png (PNG copy)> <./gl_gr_ar_load2.png (PNG copy)> <./gl_g
r_ar_signals.png>]

Package fancyhdr Warning: \headheight is too small (12.0pt): 
(fancyhdr)                Make it at least 13.59999pt, for example:
(fancyhdr)                \setlength{\headheight}{13.59999pt}.
(fancyhdr)                You might also make \topmargin smaller to compensate:

(fancyhdr)                \addtolength{\topmargin}{-1.59999pt}.

[21 <./gl_gr_ar.png>]
<gl_gr_al_load1.png, id=287, 2874.74pt x 1581.91pt>
File: gl_gr_al_load1.png Graphic file (type png)
<use gl_gr_al_load1.png>
Package pdftex.def Info: gl_gr_al_load1.png  used on input line 382.
(pdftex.def)             Requested size: 2874.73302pt x 1581.90616pt.
File: gl_gr_al_load1.png Graphic file (type png)
<use gl_gr_al_load1.png>
Package pdftex.def Info: gl_gr_al_load1.png  used on input line 384.
(pdftex.def)             Requested size: 474.31165pt x 128.19753pt.

Overfull \hbox (4.55663pt too wide) in paragraph at lines 384--385
 [] 
 []

<gl_gr_al_load2.png, id=289, 2569.6pt x 1308.89pt>
File: gl_gr_al_load2.png Graphic file (type png)
<use gl_gr_al_load2.png>
Package pdftex.def Info: gl_gr_al_load2.png  used on input line 389.
(pdftex.def)             Requested size: 2569.59377pt x 1308.88681pt.
File: gl_gr_al_load2.png Graphic file (type png)
<use gl_gr_al_load2.png>
Package pdftex.def Info: gl_gr_al_load2.png  used on input line 390.
(pdftex.def)             Requested size: 475.36856pt x 120.90987pt.

Overfull \hbox (5.61354pt too wide) in paragraph at lines 390--391
[] 
 []

<gl_gr_al_signals.png, id=291, 259.97125pt x 350.30875pt>
File: gl_gr_al_signals.png Graphic file (type png)
<use gl_gr_al_signals.png>
Package pdftex.def Info: gl_gr_al_signals.png  used on input line 395.
(pdftex.def)             Requested size: 128.0374pt x 172.5294pt.
<gl_gr_al.png, id=292, 486.81876pt x 475.7775pt>
File: gl_gr_al.png Graphic file (type png)
<use gl_gr_al.png>
Package pdftex.def Info: gl_gr_al.png  used on input line 401.
(pdftex.def)             Requested size: 412.56496pt x 403.20764pt.

Package fancyhdr Warning: \headheight is too small (12.0pt): 
(fancyhdr)                Make it at least 13.59999pt, for example:
(fancyhdr)                \setlength{\headheight}{13.59999pt}.
(fancyhdr)                You might also make \topmargin smaller to compensate:

(fancyhdr)                \addtolength{\topmargin}{-1.59999pt}.

[22 <./gl_gr_al_load1.png (PNG copy)> <./gl_gr_al_load2.png (PNG copy)> <./gl_g
r_al_signals.png>]

Package fancyhdr Warning: \headheight is too small (12.0pt): 
(fancyhdr)                Make it at least 13.59999pt, for example:
(fancyhdr)                \setlength{\headheight}{13.59999pt}.
(fancyhdr)                You might also make \topmargin smaller to compensate:

(fancyhdr)                \addtolength{\topmargin}{-1.59999pt}.

[23 <./gl_gr_al.png>]
<gr_ar_al_load1.png, id=307, 2874.74pt x 1581.91pt>
File: gr_ar_al_load1.png Graphic file (type png)
<use gr_ar_al_load1.png>
Package pdftex.def Info: gr_ar_al_load1.png  used on input line 410.
(pdftex.def)             Requested size: 2874.73302pt x 1581.90616pt.
File: gr_ar_al_load1.png Graphic file (type png)
<use gr_ar_al_load1.png>
Package pdftex.def Info: gr_ar_al_load1.png  used on input line 412.
(pdftex.def)             Requested size: 474.31165pt x 128.19753pt.

Overfull \hbox (4.55663pt too wide) in paragraph at lines 412--413
 [] 
 []

<gr_ar_al_load2.png, id=309, 2569.6pt x 1308.89pt>
File: gr_ar_al_load2.png Graphic file (type png)
<use gr_ar_al_load2.png>
Package pdftex.def Info: gr_ar_al_load2.png  used on input line 417.
(pdftex.def)             Requested size: 2569.59377pt x 1308.88681pt.
File: gr_ar_al_load2.png Graphic file (type png)
<use gr_ar_al_load2.png>
Package pdftex.def Info: gr_ar_al_load2.png  used on input line 418.
(pdftex.def)             Requested size: 475.36856pt x 120.90987pt.

Overfull \hbox (5.61354pt too wide) in paragraph at lines 418--419
[] 
 []

<gr_ar_al_signals.png, id=311, 257.96375pt x 350.30875pt>
File: gr_ar_al_signals.png Graphic file (type png)
<use gr_ar_al_signals.png>
Package pdftex.def Info: gr_ar_al_signals.png  used on input line 423.
(pdftex.def)             Requested size: 128.0374pt x 173.87642pt.
<gr_ar_al.png, id=312, 489.83pt x 474.77374pt>
File: gr_ar_al.png Graphic file (type png)
<use gr_ar_al.png>
Package pdftex.def Info: gr_ar_al.png  used on input line 429.
(pdftex.def)             Requested size: 412.56496pt x 399.89389pt.

Package fancyhdr Warning: \headheight is too small (12.0pt): 
(fancyhdr)                Make it at least 13.59999pt, for example:
(fancyhdr)                \setlength{\headheight}{13.59999pt}.
(fancyhdr)                You might also make \topmargin smaller to compensate:

(fancyhdr)                \addtolength{\topmargin}{-1.59999pt}.

[24 <./gr_ar_al_load1.png (PNG copy)> <./gr_ar_al_load2.png (PNG copy)> <./gr_a
r_al_signals.png>]

Package fancyhdr Warning: \headheight is too small (12.0pt): 
(fancyhdr)                Make it at least 13.59999pt, for example:
(fancyhdr)                \setlength{\headheight}{13.59999pt}.
(fancyhdr)                You might also make \topmargin smaller to compensate:

(fancyhdr)                \addtolength{\topmargin}{-1.59999pt}.

[25 <./gr_ar_al.png>]
<gl_ar_al_load1.png, id=328, 2874.74pt x 1581.91pt>
File: gl_ar_al_load1.png Graphic file (type png)
<use gl_ar_al_load1.png>
Package pdftex.def Info: gl_ar_al_load1.png  used on input line 438.
(pdftex.def)             Requested size: 2874.73302pt x 1581.90616pt.
File: gl_ar_al_load1.png Graphic file (type png)
<use gl_ar_al_load1.png>
Package pdftex.def Info: gl_ar_al_load1.png  used on input line 440.
(pdftex.def)             Requested size: 474.31165pt x 128.19753pt.

Overfull \hbox (4.55663pt too wide) in paragraph at lines 440--441
 [] 
 []

<gl_ar_al_load2.png, id=330, 2569.6pt x 1308.89pt>
File: gl_ar_al_load2.png Graphic file (type png)
<use gl_ar_al_load2.png>
Package pdftex.def Info: gl_ar_al_load2.png  used on input line 445.
(pdftex.def)             Requested size: 2569.59377pt x 1308.88681pt.
File: gl_ar_al_load2.png Graphic file (type png)
<use gl_ar_al_load2.png>
Package pdftex.def Info: gl_ar_al_load2.png  used on input line 446.
(pdftex.def)             Requested size: 475.36856pt x 120.90987pt.

Overfull \hbox (5.61354pt too wide) in paragraph at lines 446--447
[] 
 []

<gl_ar_al_signals.png, id=332, 260.975pt x 348.30125pt>
File: gl_ar_al_signals.png Graphic file (type png)
<use gl_ar_al_signals.png>
Package pdftex.def Info: gl_ar_al_signals.png  used on input line 451.
(pdftex.def)             Requested size: 128.0374pt x 170.88168pt.
<gl_ar_al.png, id=333, 484.81125pt x 477.785pt>
File: gl_ar_al.png Graphic file (type png)
<use gl_ar_al.png>
Package pdftex.def Info: gl_ar_al.png  used on input line 457.
(pdftex.def)             Requested size: 412.56496pt x 406.60762pt.

Package fancyhdr Warning: \headheight is too small (12.0pt): 
(fancyhdr)                Make it at least 13.59999pt, for example:
(fancyhdr)                \setlength{\headheight}{13.59999pt}.
(fancyhdr)                You might also make \topmargin smaller to compensate:

(fancyhdr)                \addtolength{\topmargin}{-1.59999pt}.

[26 <./gl_ar_al_load1.png (PNG copy)> <./gl_ar_al_load2.png (PNG copy)> <./gl_a
r_al_signals.png>]

Package fancyhdr Warning: \headheight is too small (12.0pt): 
(fancyhdr)                Make it at least 13.59999pt, for example:
(fancyhdr)                \setlength{\headheight}{13.59999pt}.
(fancyhdr)                You might also make \topmargin smaller to compensate:

(fancyhdr)                \addtolength{\topmargin}{-1.59999pt}.

[27 <./gl_ar_al.png>] 
AED: lastpage setting LastPage

Package fancyhdr Warning: \headheight is too small (12.0pt): 
(fancyhdr)                Make it at least 13.59999pt, for example:
(fancyhdr)                \setlength{\headheight}{13.59999pt}.
(fancyhdr)                You might also make \topmargin smaller to compensate:

(fancyhdr)                \addtolength{\topmargin}{-1.59999pt}.

[28] (./Lab1.aux)
Package rerunfilecheck Info: File `Lab1.out' has not changed.
(rerunfilecheck)             Checksum: 9D7E79E41E9BFDFC6E94A56FD4A1B672;3469.
 ) 
Here is how much of TeX's memory you used:
 16882 strings out of 478994
 279306 string characters out of 5858184
 801602 words of memory out of 5000000
 33904 multiletter control sequences out of 15000+600000
 433560 words of font info for 92 fonts, out of 8000000 for 9000
 1141 hyphenation exceptions out of 8191
 86i,11n,88p,905b,804s stack positions out of 5000i,500n,10000p,200000b,80000s
{/usr/local/texlive/2021/texmf-dist/fonts/enc/dvips/base/8r.enc}</usr/local/t
exlive/2021/texmf-dist/fonts/type1/public/amsfonts/cm/cmmi12.pfb></usr/local/te
xlive/2021/texmf-dist/fonts/type1/public/amsfonts/cm/cmr12.pfb></usr/local/texl
ive/2021/texmf-dist/fonts/type1/public/amsfonts/cm/cmsy10.pfb></usr/local/texli
ve/2021/texmf-dist/fonts/type1/urw/helvetic/uhvr8a.pfb></usr/local/texlive/2021
/texmf-dist/fonts/type1/urw/palatino/uplb8a.pfb></usr/local/texlive/2021/texmf-
dist/fonts/type1/urw/palatino/uplr8a.pfb>
Output written on Lab1.pdf (28 pages, 6153080 bytes).
PDF statistics:
 388 PDF objects out of 1000 (max. 8388607)
 259 compressed objects within 3 object streams
 46 named destinations out of 1000 (max. 500000)
 482 words of extra memory for PDF output out of 10000 (max. 10000000)

